<?xml version="1.0" encoding="UTF-8"?>
<testsuite name="com.sparta.perdayonespoon.PerDayOneSpoonApplicationTests" tests="1" skipped="0" failures="0" errors="0" timestamp="2022-09-16T17:46:18" hostname="Rolivias-MacBook-Pro.local" time="0.209">
  <properties/>
  <testcase name="contextLoads()" classname="com.sparta.perdayonespoon.PerDayOneSpoonApplicationTests" time="0.209"/>
  <system-out><![CDATA[
 ██░ ██  ▄▄▄       ██▀███   █    ██     ██░ ██  ▄▄▄       ███▄    █ ▒███████▒ ▒█████   ▒█████   ███▄ ▄███▓
▓██░ ██▒▒████▄    ▓██ ▒ ██▒ ██  ▓██▒   ▓██░ ██▒▒████▄     ██ ▀█   █ ▒ ▒ ▒ ▄▀░▒██▒  ██▒▒██▒  ██▒▓██▒▀█▀ ██▒
▒██▀▀██░▒██  ▀█▄  ▓██ ░▄█ ▒▓██  ▒██░   ▒██▀▀██░▒██  ▀█▄  ▓██  ▀█ ██▒░ ▒ ▄▀▒░ ▒██░  ██▒▒██░  ██▒▓██    ▓██░
░▓█ ░██ ░██▄▄▄▄██ ▒██▀▀█▄  ▓▓█  ░██░   ░▓█ ░██ ░██▄▄▄▄██ ▓██▒  ▐▌██▒  ▄▀▒   ░▒██   ██░▒██   ██░▒██    ▒██
░▓█▒░██▓ ▓█   ▓██▒░██▓ ▒██▒▒▒█████▓    ░▓█▒░██▓ ▓█   ▓██▒▒██░   ▓██░▒███████▒░ ████▓▒░░ ████▓▒░▒██▒   ░██▒
 ▒ ░░▒░▒ ▒▒   ▓▒█░░ ▒▓ ░▒▓░░▒▓▒ ▒ ▒     ▒ ░░▒░▒ ▒▒   ▓▒█░░ ▒░   ▒ ▒ ░▒▒ ▓░▒░▒░ ▒░▒░▒░ ░ ▒░▒░▒░ ░ ▒░   ░  ░
 ▒ ░▒░ ░  ▒   ▒▒ ░  ░▒ ░ ▒░░░▒░ ░ ░     ▒ ░▒░ ░  ▒   ▒▒ ░░ ░░   ░ ▒░░░▒ ▒ ░ ▒  ░ ▒ ▒░   ░ ▒ ▒░ ░  ░      ░
 ░  ░░ ░  ░   ▒     ░░   ░  ░░░ ░ ░     ░  ░░ ░  ░   ▒      ░   ░ ░ ░ ░ ░ ░ ░░ ░ ░ ▒  ░ ░ ░ ▒  ░      ░
 ░  ░  ░      ░  ░   ░        ░         ░  ░  ░      ░  ░         ░   ░ ░        ░ ░      ░ ░         ░
                                                                    ░

2022-09-17 02:46:03.079  WARN 8583 --- [    Test worker] ory$DuplicateJsonObjectContextCustomizer : 

Found multiple occurrences of org.json.JSONObject on the class path:

	jar:file:/Users/rolivia/.gradle/caches/modules-2/files-2.1/org.json/json/20200518/41a767de4bde8f01d53856b905c49b2db8862f13/json-20200518.jar!/org/json/JSONObject.class
	jar:file:/Users/rolivia/.gradle/caches/modules-2/files-2.1/com.vaadin.external.google/android-json/0.0.20131108.vaadin1/fa26d351fe62a6a17f5cda1287c1c6110dec413f/android-json-0.0.20131108.vaadin1.jar!/org/json/JSONObject.class

You may wish to exclude one of them to ensure predictable runtime behavior

2022-09-17 02:46:03.110  INFO 8583 --- [    Test worker] c.s.p.PerDayOneSpoonApplicationTests     : Starting PerDayOneSpoonApplicationTests using Java 11.0.15 on Rolivias-MacBook-Pro.local with PID 8583 (started by rolivia in /Users/rolivia/Desktop/PerDayOneSpoon-BE)
2022-09-17 02:46:03.116  INFO 8583 --- [    Test worker] c.s.p.PerDayOneSpoonApplicationTests     : The following profiles are active: aws,credentials
2022-09-17 02:46:08.207  INFO 8583 --- [    Test worker] .s.d.r.c.RepositoryConfigurationDelegate : Multiple Spring Data modules found, entering strict repository configuration mode!
2022-09-17 02:46:08.213  INFO 8583 --- [    Test worker] .s.d.r.c.RepositoryConfigurationDelegate : Bootstrapping Spring Data JPA repositories in DEFAULT mode.
2022-09-17 02:46:08.657  INFO 8583 --- [    Test worker] .s.d.r.c.RepositoryConfigurationDelegate : Finished Spring Data repository scanning in 419 ms. Found 5 JPA repository interfaces.
2022-09-17 02:46:08.686  INFO 8583 --- [    Test worker] .s.d.r.c.RepositoryConfigurationDelegate : Multiple Spring Data modules found, entering strict repository configuration mode!
2022-09-17 02:46:08.688  INFO 8583 --- [    Test worker] .s.d.r.c.RepositoryConfigurationDelegate : Bootstrapping Spring Data Redis repositories in DEFAULT mode.
2022-09-17 02:46:08.725  INFO 8583 --- [    Test worker] .RepositoryConfigurationExtensionSupport : Spring Data Redis - Could not safely identify store assignment for repository candidate interface com.sparta.perdayonespoon.repository.DeletedUrlPathRepository. If you want this repository to be a Redis repository, consider annotating your entities with one of these annotations: org.springframework.data.redis.core.RedisHash (preferred), or consider extending one of the following types with your repository: org.springframework.data.keyvalue.repository.KeyValueRepository.
2022-09-17 02:46:08.726  INFO 8583 --- [    Test worker] .RepositoryConfigurationExtensionSupport : Spring Data Redis - Could not safely identify store assignment for repository candidate interface com.sparta.perdayonespoon.repository.GoalRepository. If you want this repository to be a Redis repository, consider annotating your entities with one of these annotations: org.springframework.data.redis.core.RedisHash (preferred), or consider extending one of the following types with your repository: org.springframework.data.keyvalue.repository.KeyValueRepository.
2022-09-17 02:46:08.731  INFO 8583 --- [    Test worker] .RepositoryConfigurationExtensionSupport : Spring Data Redis - Could not safely identify store assignment for repository candidate interface com.sparta.perdayonespoon.repository.ImageRepository. If you want this repository to be a Redis repository, consider annotating your entities with one of these annotations: org.springframework.data.redis.core.RedisHash (preferred), or consider extending one of the following types with your repository: org.springframework.data.keyvalue.repository.KeyValueRepository.
2022-09-17 02:46:08.736  INFO 8583 --- [    Test worker] .RepositoryConfigurationExtensionSupport : Spring Data Redis - Could not safely identify store assignment for repository candidate interface com.sparta.perdayonespoon.repository.MemberRepository. If you want this repository to be a Redis repository, consider annotating your entities with one of these annotations: org.springframework.data.redis.core.RedisHash (preferred), or consider extending one of the following types with your repository: org.springframework.data.keyvalue.repository.KeyValueRepository.
2022-09-17 02:46:08.737  INFO 8583 --- [    Test worker] .RepositoryConfigurationExtensionSupport : Spring Data Redis - Could not safely identify store assignment for repository candidate interface com.sparta.perdayonespoon.repository.RefreshTokenRepository. If you want this repository to be a Redis repository, consider annotating your entities with one of these annotations: org.springframework.data.redis.core.RedisHash (preferred), or consider extending one of the following types with your repository: org.springframework.data.keyvalue.repository.KeyValueRepository.
2022-09-17 02:46:08.738  INFO 8583 --- [    Test worker] .s.d.r.c.RepositoryConfigurationDelegate : Finished Spring Data repository scanning in 36 ms. Found 0 Redis repository interfaces.
2022-09-17 02:46:09.457  INFO 8583 --- [    Test worker] ptablePropertiesBeanFactoryPostProcessor : Post-processing PropertySource instances
2022-09-17 02:46:09.461  INFO 8583 --- [    Test worker] c.u.j.EncryptablePropertySourceConverter : Skipping PropertySource configurationProperties [class org.springframework.boot.context.properties.source.ConfigurationPropertySourcesPropertySource
2022-09-17 02:46:09.463  INFO 8583 --- [    Test worker] c.u.j.EncryptablePropertySourceConverter : Converting PropertySource test [org.springframework.core.env.MapPropertySource] to EncryptableMapPropertySourceWrapper
2022-09-17 02:46:09.464  INFO 8583 --- [    Test worker] c.u.j.EncryptablePropertySourceConverter : Converting PropertySource Inlined Test Properties [org.springframework.core.env.MapPropertySource] to EncryptableMapPropertySourceWrapper
2022-09-17 02:46:09.464  INFO 8583 --- [    Test worker] c.u.j.EncryptablePropertySourceConverter : Converting PropertySource systemProperties [org.springframework.core.env.PropertiesPropertySource] to EncryptableMapPropertySourceWrapper
2022-09-17 02:46:09.465  INFO 8583 --- [    Test worker] c.u.j.EncryptablePropertySourceConverter : Converting PropertySource systemEnvironment [org.springframework.boot.env.SystemEnvironmentPropertySourceEnvironmentPostProcessor$OriginAwareSystemEnvironmentPropertySource] to EncryptableSystemEnvironmentPropertySourceWrapper
2022-09-17 02:46:09.465  INFO 8583 --- [    Test worker] c.u.j.EncryptablePropertySourceConverter : Converting PropertySource random [org.springframework.boot.env.RandomValuePropertySource] to EncryptablePropertySourceWrapper
2022-09-17 02:46:09.465  INFO 8583 --- [    Test worker] c.u.j.EncryptablePropertySourceConverter : Converting PropertySource Config resource 'class path resource [application.yml]' via location 'optional:classpath:/' [org.springframework.boot.env.OriginTrackedMapPropertySource] to EncryptableMapPropertySourceWrapper
2022-09-17 02:46:09.840  INFO 8583 --- [    Test worker] c.u.j.f.DefaultLazyPropertyFilter        : Property Filter custom Bean not found with name 'encryptablePropertyFilter'. Initializing Default Property Filter
2022-09-17 02:46:09.858  INFO 8583 --- [    Test worker] c.u.j.r.DefaultLazyPropertyResolver      : Property Resolver custom Bean not found with name 'encryptablePropertyResolver'. Initializing Default Property Resolver
2022-09-17 02:46:09.862  INFO 8583 --- [    Test worker] c.u.j.d.DefaultLazyPropertyDetector      : Property Detector custom Bean not found with name 'encryptablePropertyDetector'. Initializing Default Property Detector
2022-09-17 02:46:10.221  INFO 8583 --- [    Test worker] o.h.j.i.u.LogHelper                      : HHH000204: Processing PersistenceUnitInfo [name: default]
2022-09-17 02:46:10.339  INFO 8583 --- [    Test worker] o.h.Version                              : HHH000412: Hibernate ORM core version 5.4.32.Final
2022-09-17 02:46:10.586  INFO 8583 --- [    Test worker] o.h.a.c.Version                          : HCANN000001: Hibernate Commons Annotations {5.1.2.Final}
2022-09-17 02:46:10.804  INFO 8583 --- [    Test worker] c.z.h.HikariDataSource                   : HikariPool-1 - Starting...
2022-09-17 02:46:11.105  INFO 8583 --- [    Test worker] c.z.h.HikariDataSource                   : HikariPool-1 - Start completed.
2022-09-17 02:46:11.137  INFO 8583 --- [    Test worker] o.h.d.Dialect                            : HHH000400: Using dialect: org.hibernate.dialect.H2Dialect
2022-09-17 02:46:12.446  INFO 8583 --- [    Test worker] p6spy                                    : #1663350372446 | took 1ms | statement | connection 1| url jdbc:h2:mem:testdb
drop table if exists DeletedUrlPath CASCADE 
drop table if exists DeletedUrlPath CASCADE ;
2022-09-17 02:46:12.447  INFO 8583 --- [    Test worker] p6spy                                    : #1663350372447 | took 0ms | statement | connection 1| url jdbc:h2:mem:testdb
drop table if exists Goal CASCADE 
drop table if exists Goal CASCADE ;
2022-09-17 02:46:12.447  INFO 8583 --- [    Test worker] p6spy                                    : #1663350372447 | took 0ms | statement | connection 1| url jdbc:h2:mem:testdb
drop table if exists image CASCADE 
drop table if exists image CASCADE ;
2022-09-17 02:46:12.448  INFO 8583 --- [    Test worker] p6spy                                    : #1663350372448 | took 0ms | statement | connection 1| url jdbc:h2:mem:testdb
drop table if exists member CASCADE 
drop table if exists member CASCADE ;
2022-09-17 02:46:12.449  INFO 8583 --- [    Test worker] p6spy                                    : #1663350372449 | took 0ms | statement | connection 1| url jdbc:h2:mem:testdb
drop table if exists RefreshToken CASCADE 
drop table if exists RefreshToken CASCADE ;
2022-09-17 02:46:12.466  INFO 8583 --- [    Test worker] p6spy                                    : #1663350372466 | took 12ms | statement | connection 2| url jdbc:h2:mem:testdb
create table DeletedUrlPath (id bigint generated by default as identity, deletedUrlPath varchar(255), primary key (id))
create table DeletedUrlPath (id bigint generated by default as identity, deletedUrlPath varchar(255), primary key (id));
2022-09-17 02:46:12.469  INFO 8583 --- [    Test worker] p6spy                                    : #1663350372469 | took 1ms | statement | connection 2| url jdbc:h2:mem:testdb
create table Goal (id bigint generated by default as identity, achievementCheck boolean, category integer, characterId integer, currentDate timestamp, endDate timestamp, privateCheck boolean, socialId varchar(255), startDate timestamp, time varchar(255), title varchar(255), primary key (id))
create table Goal (id bigint generated by default as identity, achievementCheck boolean, category integer, characterId integer, currentDate timestamp, endDate timestamp, privateCheck boolean, socialId varchar(255), startDate timestamp, time varchar(255), title varchar(255), primary key (id));
2022-09-17 02:46:12.472  INFO 8583 --- [    Test worker] p6spy                                    : #1663350372472 | took 1ms | statement | connection 2| url jdbc:h2:mem:testdb
create table image (id bigint generated by default as identity, createdAt timestamp, modifiedAt timestamp, imgName varchar(255), imgUrl varchar(255), member_id bigint, primary key (id))
create table image (id bigint generated by default as identity, createdAt timestamp, modifiedAt timestamp, imgName varchar(255), imgUrl varchar(255), member_id bigint, primary key (id));
2022-09-17 02:46:12.476  INFO 8583 --- [    Test worker] p6spy                                    : #1663350372476 | took 1ms | statement | connection 2| url jdbc:h2:mem:testdb
create table member (id bigint generated by default as identity, createdAt timestamp, modifiedAt timestamp, authority varchar(255), email varchar(255), nickname varchar(255) not null, password varchar(255) not null, socialCode varchar(255), socialId varchar(255) not null, status varchar(255), primary key (id))
create table member (id bigint generated by default as identity, createdAt timestamp, modifiedAt timestamp, authority varchar(255), email varchar(255), nickname varchar(255) not null, password varchar(255) not null, socialCode varchar(255), socialId varchar(255) not null, status varchar(255), primary key (id));
2022-09-17 02:46:12.482  INFO 8583 --- [    Test worker] p6spy                                    : #1663350372482 | took 5ms | statement | connection 2| url jdbc:h2:mem:testdb
create table RefreshToken (rt_key varchar(255) not null, rt_value varchar(255), primary key (rt_key))
create table RefreshToken (rt_key varchar(255) not null, rt_value varchar(255), primary key (rt_key));
2022-09-17 02:46:12.484  INFO 8583 --- [    Test worker] p6spy                                    : #1663350372484 | took 1ms | statement | connection 2| url jdbc:h2:mem:testdb
alter table member add constraint UK_t3c26qklog0swasvd97t0ap71 unique (socialId)
alter table member add constraint UK_t3c26qklog0swasvd97t0ap71 unique (socialId);
2022-09-17 02:46:12.493  INFO 8583 --- [    Test worker] p6spy                                    : #1663350372493 | took 8ms | statement | connection 2| url jdbc:h2:mem:testdb
alter table image add constraint FKnnvd0itj2hhoyuua7g3ive7vo foreign key (member_id) references member
alter table image add constraint FKnnvd0itj2hhoyuua7g3ive7vo foreign key (member_id) references member;
2022-09-17 02:46:12.496  INFO 8583 --- [    Test worker] o.h.e.t.j.p.i.JtaPlatformInitiator       : HHH000490: Using JtaPlatform implementation: [org.hibernate.engine.transaction.jta.platform.internal.NoJtaPlatform]
2022-09-17 02:46:12.517  INFO 8583 --- [    Test worker] j.LocalContainerEntityManagerFactoryBean : Initialized JPA EntityManagerFactory for persistence unit 'default'
2022-09-17 02:46:12.566  INFO 8583 --- [    Test worker] c.u.j.e.DefaultLazyEncryptor             : Found Custom Encryptor Bean org.jasypt.encryption.pbe.PooledPBEStringEncryptor@3d00c2ae with name: jasyptStringEncryptor
2022-09-17 02:46:12.957  WARN 8583 --- [    Test worker] JpaBaseConfiguration$JpaWebConfiguration : spring.jpa.open-in-view is enabled by default. Therefore, database queries may be performed during view rendering. Explicitly configure spring.jpa.open-in-view to disable this warning
2022-09-17 02:46:15.281  INFO 8583 --- [    Test worker] o.s.b.a.h.H2ConsoleAutoConfiguration     : H2 console available at '/h2-console'. Database available at 'jdbc:h2:mem:testdb'
2022-09-17 02:46:15.796  INFO 8583 --- [    Test worker] o.s.s.w.DefaultSecurityFilterChain       : Will secure Ant [pattern='/h2-console/**'] with []
2022-09-17 02:46:15.797  INFO 8583 --- [    Test worker] o.s.s.w.DefaultSecurityFilterChain       : Will secure Ant [pattern='/favicon.ico'] with []
2022-09-17 02:46:15.967  INFO 8583 --- [    Test worker] pertySourcedRequestMappingHandlerMapping : Mapped URL path [/v2/api-docs] onto method [springfox.documentation.swagger2.web.Swagger2Controller#getDocumentation(String, HttpServletRequest)]
2022-09-17 02:46:16.246  INFO 8583 --- [    Test worker] o.s.s.w.DefaultSecurityFilterChain       : Will secure any request with [org.springframework.security.web.context.request.async.WebAsyncManagerIntegrationFilter@6b909973, org.springframework.security.web.context.SecurityContextPersistenceFilter@7d97a1a0, org.springframework.security.web.header.HeaderWriterFilter@34a8a5ad, org.springframework.web.filter.CorsFilter@458044df, org.springframework.security.web.authentication.logout.LogoutFilter@39584147, com.sparta.perdayonespoon.jwt.JwtFilter@f4cfc61, org.springframework.security.web.savedrequest.RequestCacheAwareFilter@24c04958, org.springframework.security.web.servletapi.SecurityContextHolderAwareRequestFilter@ae2227, org.springframework.security.web.authentication.AnonymousAuthenticationFilter@64d7737c, org.springframework.security.web.session.SessionManagementFilter@47c8c176, org.springframework.security.web.access.ExceptionTranslationFilter@6f77917c, org.springframework.security.web.access.intercept.FilterSecurityInterceptor@1de78f97]
2022-09-17 02:46:16.866  WARN 8583 --- [    Test worker] ion$DefaultTemplateResolverConfiguration : Cannot find template location: classpath:/templates/ (please add some templates or check your Thymeleaf configuration)
2022-09-17 02:46:17.937  INFO 8583 --- [    Test worker] d.s.w.p.DocumentationPluginsBootstrapper : Context refreshed
2022-09-17 02:46:17.974  INFO 8583 --- [    Test worker] d.s.w.p.DocumentationPluginsBootstrapper : Found 1 custom documentation plugin(s)
2022-09-17 02:46:18.028  INFO 8583 --- [    Test worker] s.d.s.w.s.ApiListingReferenceScanner     : Scanning for api listing references
2022-09-17 02:46:18.429  INFO 8583 --- [    Test worker] c.s.p.PerDayOneSpoonApplicationTests     : Started PerDayOneSpoonApplicationTests in 16.089 seconds (JVM running for 19.118)
]]></system-out>
  <system-err><![CDATA[]]></system-err>
</testsuite>
